[debug] [2022-11-05T21:46:45.346Z] ----------------------------------------------------------------------
[debug] [2022-11-05T21:46:45.354Z] Command:       C:\Program Files (x86)\nodejs\node.exe C:\Users\USER\AppData\Roaming\npm\node_modules\firebase-tools\lib\bin\firebase.js init
[debug] [2022-11-05T21:46:45.357Z] CLI Version:   11.16.0
[debug] [2022-11-05T21:46:45.358Z] Platform:      win32
[debug] [2022-11-05T21:46:45.358Z] Node Version:  v18.12.1
[debug] [2022-11-05T21:46:45.365Z] Time:          Sat Nov 05 2022 22:46:45 GMT+0100 (West Africa Standard Time)
[debug] [2022-11-05T21:46:45.366Z] ----------------------------------------------------------------------
[debug] 
[debug] [2022-11-05T21:46:45.556Z] > command requires scopes: ["email","openid","https://www.googleapis.com/auth/cloudplatformprojects.readonly","https://www.googleapis.com/auth/firebase","https://www.googleapis.com/auth/cloud-platform"]
[debug] [2022-11-05T21:46:45.557Z] > authorizing via signed-in user (olusesiolutobi@gmail.com)
[info] 
     ######## #### ########  ######## ########     ###     ######  ########
     ##        ##  ##     ## ##       ##     ##  ##   ##  ##       ##
     ######    ##  ########  ######   ########  #########  ######  ######
     ##        ##  ##    ##  ##       ##     ## ##     ##       ## ##
     ##       #### ##     ## ######## ########  ##     ##  ######  ########

You're about to initialize a Firebase project in this directory:

  C:\Users\USER\lolo\ErrboundarySeo-test-template-

Before we get started, keep in mind:

  * You are initializing within an existing Firebase project directory

[info] 
=== Project Setup
[info] 
[info] First, let's associate this project directory with a Firebase project.
[info] You can create multiple project aliases by running firebase use --add, 
[info] but for now we'll just set up a default project.
[info] 
[debug] [2022-11-05T21:46:54.282Z] Using project from CLI flag: the-counter-app
[debug] [2022-11-05T21:46:54.289Z] >>> [apiv2][query] GET https://firebase.googleapis.com/v1beta1/projects/the-counter-app [none]
[debug] [2022-11-05T21:46:55.285Z] <<< [apiv2][status] GET https://firebase.googleapis.com/v1beta1/projects/the-counter-app 200
[debug] [2022-11-05T21:46:55.287Z] <<< [apiv2][body] GET https://firebase.googleapis.com/v1beta1/projects/the-counter-app {"projectId":"the-counter-app","projectNumber":"1087652774840","displayName":"The counter app","name":"projects/the-counter-app","resources":{"hostingSite":"the-counter-app"},"state":"ACTIVE","etag":"1_1f7f2b1f-8654-44e4-b21a-25f1e4ebc7a5"}
[info] i  Using project the-counter-app (The counter app) 
[info] 
=== Hosting Setup
[info] 
[info] Your public directory is the folder (relative to your project directory) that
[info] will contain Hosting assets to be uploaded with firebase deploy. If you
[info] have a build process for your assets, use your build's output directory.
[info] 
[info] +  Wrote \Users\USERS\lolo\ErrboundarySeo-test-template-/404.html 
[debug] [2022-11-05T21:48:16.244Z] >>> [apiv2][query] GET https://www.gstatic.com/firebasejs/releases.json [none]
[debug] [2022-11-05T21:48:16.747Z] <<< [apiv2][status] GET https://www.gstatic.com/firebasejs/releases.json 200
[debug] [2022-11-05T21:48:16.747Z] <<< [apiv2][body] GET https://www.gstatic.com/firebasejs/releases.json {"current":{"version":"9.13.0","browserURL":"https://www.gstatic.com/firebasejs/9.13.0/firebase.js","packageURL":"https://www.gstatic.com/firebasejs/9.13.0/firebase.tgz"},"live":{"version":"9.13","browserURL":"https://www.gstatic.com/firebasejs/live/9.13/firebase.js","packageURL":"https://www.gstatic.com/firebasejs/live/9.13/firebase.tgz"},"components":{"analytics":"https://www.gstatic.com/firebasejs/9.13.0/firebase-analytics.js","app":"https://www.gstatic.com/firebasejs/9.13.0/firebase-app.js","app-check":"https://www.gstatic.com/firebasejs/9.13.0/firebase-app-check.js","auth":"https://www.gstatic.com/firebasejs/9.13.0/firebase-auth.js","auth/cordova":"https://www.gstatic.com/firebasejs/9.13.0/firebase-auth/cordova.js","auth/react-native":"https://www.gstatic.com/firebasejs/9.13.0/firebase-auth/react-native.js","functions":"https://www.gstatic.com/firebasejs/9.13.0/firebase-functions.js","firestore":"https://www.gstatic.com/firebasejs/9.13.0/firebase-firestore.js","firestore/lite":"https://www.gstatic.com/firebasejs/9.13.0/firebase-firestore/lite.js","installations":"https://www.gstatic.com/firebasejs/9.13.0/firebase-installations.js","storage":"https://www.gstatic.com/firebasejs/9.13.0/firebase-storage.js","performance":"https://www.gstatic.com/firebasejs/9.13.0/firebase-performance.js","remote-config":"https://www.gstatic.com/firebasejs/9.13.0/firebase-remote-config.js","messaging":"https://www.gstatic.com/firebasejs/9.13.0/firebase-messaging.js","messaging/sw":"https://www.gstatic.com/firebasejs/9.13.0/firebase-messaging/sw.js","database":"https://www.gstatic.com/firebasejs/9.13.0/firebase-database.js","firestore.memory":"https://www.gstatic.com/firebasejs/9.13.0/firebase-firestore.memory.js"}}
[info] +  Wrote \Users\USERS\lolo\ErrboundarySeo-test-template-/index.html 
[info] 
[info] i  Detected a .git folder at C:\Users\USER\lolo\ErrboundarySeo-test-template- 
[info] i  Authorizing with GitHub to upload your service account to a GitHub repository's secrets store. 
[info] 
[info] Visit this URL on this device to log in:
[info] https://github.com/login/oauth/authorize?client_id=89cf50f02ac6aaed3484&state=106662759&redirect_uri=http%3A%2F%2Flocalhost%3A9005&scope=read%3Auser%20repo%20public_repo
[info] 
[info] Waiting for authentication...
[debug] [2022-11-05T21:48:21.556Z] >>> [apiv2][query] POST https://github.com/login/oauth/access_token [none]
[debug] [2022-11-05T21:48:21.556Z] >>> [apiv2][body] POST https://github.com/login/oauth/access_token [stream]
[debug] [2022-11-05T21:48:22.335Z] <<< [apiv2][status] POST https://github.com/login/oauth/access_token 200
[debug] [2022-11-05T21:48:22.335Z] <<< [apiv2][body] POST https://github.com/login/oauth/access_token {"access_token":"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","token_type":"bearer","scope":"read:user,repo"}
[debug] [2022-11-05T21:48:22.411Z] >>> [apiv2][query] GET https://api.github.com/user [none]
[debug] [2022-11-05T21:48:23.208Z] <<< [apiv2][status] GET https://api.github.com/user 200
[debug] [2022-11-05T21:48:23.209Z] <<< [apiv2][body] GET https://api.github.com/user {"login":"FaithHQ","id":73876074,"node_id":"MDQ6VXNlcjczODc2MDc0","avatar_url":"https://avatars.githubusercontent.com/u/73876074?v=4","gravatar_id":"","url":"https://api.github.com/users/FaithHQ","html_url":"https://github.com/FaithHQ","followers_url":"https://api.github.com/users/FaithHQ/followers","following_url":"https://api.github.com/users/FaithHQ/following{/other_user}","gists_url":"https://api.github.com/users/FaithHQ/gists{/gist_id}","starred_url":"https://api.github.com/users/FaithHQ/starred{/owner}{/repo}","subscriptions_url":"https://api.github.com/users/FaithHQ/subscriptions","organizations_url":"https://api.github.com/users/FaithHQ/orgs","repos_url":"https://api.github.com/users/FaithHQ/repos","events_url":"https://api.github.com/users/FaithHQ/events{/privacy}","received_events_url":"https://api.github.com/users/FaithHQ/received_events","type":"User","site_admin":false,"name":"Olutobi Olusesi","company":null,"blog":"","location":"Nigeria","email":null,"hireable":null,"bio":null,"twitter_username":"olutobiolusesi","public_repos":12,"public_gists":0,"followers":0,"following":2,"created_at":"2020-11-03T07:57:20Z","updated_at":"2022-11-05T15:21:27Z","private_gists":0,"total_private_repos":0,"owned_private_repos":0,"disk_usage":7427,"collaborators":0,"two_factor_authentication":false,"plan":{"name":"free","space":976562499,"collaborators":0,"private_repos":10000}}
[info] 
[info] +  Success! Logged into GitHub as FaithHQ 
[info] 
